[0.529s] DEBUG:colcon:Command line arguments: ['/usr/bin/colcon', 'build']
[0.529s] DEBUG:colcon:Parsed command line arguments: Namespace(log_base=None, log_level=None, verb_name='build', build_base='build', install_base='install', merge_install=False, symlink_install=False, test_result_base=None, continue_on_error=False, executor='parallel', parallel_workers=2, event_handlers=None, ignore_user_meta=False, metas=['./colcon.meta'], base_paths=['.'], packages_ignore=None, packages_ignore_regex=None, paths=None, packages_up_to=None, packages_up_to_regex=None, packages_above=None, packages_above_and_dependencies=None, packages_above_depth=None, packages_select_by_dep=None, packages_skip_by_dep=None, packages_skip_up_to=None, packages_select_build_failed=False, packages_skip_build_finished=False, packages_select_test_failures=False, packages_skip_test_passed=False, packages_select=None, packages_skip=None, packages_select_regex=None, packages_skip_regex=None, packages_start=None, packages_end=None, allow_overriding=[], cmake_args=None, cmake_target=None, cmake_target_skip_unavailable=False, cmake_clean_cache=False, cmake_clean_first=False, cmake_force_configure=False, ament_cmake_args=None, catkin_cmake_args=None, catkin_skip_building_tests=False, mixin_files=None, mixin=None, verb_parser=<colcon_mixin.mixin.mixin_argument.MixinArgumentDecorator object at 0x7fee6ac94980>, verb_extension=<colcon_core.verb.build.BuildVerb object at 0x7fee6ac94650>, main=<bound method BuildVerb.main of <colcon_core.verb.build.BuildVerb object at 0x7fee6ac94650>>, mixin_verb=('build',))
[0.646s] Level 1:colcon.colcon_core.package_discovery:discover_packages(colcon_meta) check parameters
[0.647s] Level 1:colcon.colcon_core.package_discovery:discover_packages(recursive) check parameters
[0.647s] Level 1:colcon.colcon_core.package_discovery:discover_packages(ignore) check parameters
[0.647s] Level 1:colcon.colcon_core.package_discovery:discover_packages(path) check parameters
[0.647s] Level 1:colcon.colcon_core.package_discovery:discover_packages(colcon_meta) discover
[0.647s] Level 1:colcon.colcon_core.package_discovery:discover_packages(recursive) discover
[0.647s] INFO:colcon.colcon_core.package_discovery:Crawling recursively for packages in '/home/arrgusr/ROS2Dev/ws_sem26_2'
[0.647s] Level 1:colcon.colcon_core.package_identification:_identify(.) by extensions ['ignore', 'ignore_ament_install']
[0.647s] Level 1:colcon.colcon_core.package_identification:_identify(.) by extension 'ignore'
[0.647s] Level 1:colcon.colcon_core.package_identification:_identify(.) by extension 'ignore_ament_install'
[0.647s] Level 1:colcon.colcon_core.package_identification:_identify(.) by extensions ['colcon_pkg']
[0.647s] Level 1:colcon.colcon_core.package_identification:_identify(.) by extension 'colcon_pkg'
[0.647s] Level 1:colcon.colcon_core.package_identification:_identify(.) by extensions ['colcon_meta']
[0.647s] Level 1:colcon.colcon_core.package_identification:_identify(.) by extension 'colcon_meta'
[0.647s] Level 1:colcon.colcon_core.package_identification:_identify(.) by extensions ['ros']
[0.647s] Level 1:colcon.colcon_core.package_identification:_identify(.) by extension 'ros'
[0.690s] Level 1:colcon.colcon_core.package_identification:_identify(.) by extensions ['cmake', 'python']
[0.690s] Level 1:colcon.colcon_core.package_identification:_identify(.) by extension 'cmake'
[0.690s] Level 1:colcon.colcon_core.package_identification:_identify(.) by extension 'python'
[0.690s] Level 1:colcon.colcon_core.package_identification:_identify(.) by extensions ['python_setup_py']
[0.690s] Level 1:colcon.colcon_core.package_identification:_identify(.) by extension 'python_setup_py'
[0.690s] Level 1:colcon.colcon_core.package_identification:_identify(Matlab) by extensions ['ignore', 'ignore_ament_install']
[0.690s] Level 1:colcon.colcon_core.package_identification:_identify(Matlab) by extension 'ignore'
[0.690s] Level 1:colcon.colcon_core.package_identification:_identify(Matlab) by extension 'ignore_ament_install'
[0.690s] Level 1:colcon.colcon_core.package_identification:_identify(Matlab) by extensions ['colcon_pkg']
[0.690s] Level 1:colcon.colcon_core.package_identification:_identify(Matlab) by extension 'colcon_pkg'
[0.690s] Level 1:colcon.colcon_core.package_identification:_identify(Matlab) by extensions ['colcon_meta']
[0.690s] Level 1:colcon.colcon_core.package_identification:_identify(Matlab) by extension 'colcon_meta'
[0.690s] Level 1:colcon.colcon_core.package_identification:_identify(Matlab) by extensions ['ros']
[0.690s] Level 1:colcon.colcon_core.package_identification:_identify(Matlab) by extension 'ros'
[0.691s] Level 1:colcon.colcon_core.package_identification:_identify(Matlab) by extensions ['cmake', 'python']
[0.691s] Level 1:colcon.colcon_core.package_identification:_identify(Matlab) by extension 'cmake'
[0.691s] Level 1:colcon.colcon_core.package_identification:_identify(Matlab) by extension 'python'
[0.691s] Level 1:colcon.colcon_core.package_identification:_identify(Matlab) by extensions ['python_setup_py']
[0.691s] Level 1:colcon.colcon_core.package_identification:_identify(Matlab) by extension 'python_setup_py'
[0.691s] Level 1:colcon.colcon_core.package_identification:_identify(build) by extensions ['ignore', 'ignore_ament_install']
[0.691s] Level 1:colcon.colcon_core.package_identification:_identify(build) by extension 'ignore'
[0.691s] Level 1:colcon.colcon_core.package_identification:_identify(build) ignored
[0.691s] Level 1:colcon.colcon_core.package_identification:_identify(install) by extensions ['ignore', 'ignore_ament_install']
[0.691s] Level 1:colcon.colcon_core.package_identification:_identify(install) by extension 'ignore'
[0.691s] Level 1:colcon.colcon_core.package_identification:_identify(install) ignored
[0.691s] Level 1:colcon.colcon_core.package_identification:_identify(log) by extensions ['ignore', 'ignore_ament_install']
[0.691s] Level 1:colcon.colcon_core.package_identification:_identify(log) by extension 'ignore'
[0.691s] Level 1:colcon.colcon_core.package_identification:_identify(log) ignored
[0.691s] Level 1:colcon.colcon_core.package_identification:_identify(p0_py) by extensions ['ignore', 'ignore_ament_install']
[0.691s] Level 1:colcon.colcon_core.package_identification:_identify(p0_py) by extension 'ignore'
[0.691s] Level 1:colcon.colcon_core.package_identification:_identify(p0_py) by extension 'ignore_ament_install'
[0.692s] Level 1:colcon.colcon_core.package_identification:_identify(p0_py) by extensions ['colcon_pkg']
[0.692s] Level 1:colcon.colcon_core.package_identification:_identify(p0_py) by extension 'colcon_pkg'
[0.692s] Level 1:colcon.colcon_core.package_identification:_identify(p0_py) by extensions ['colcon_meta']
[0.692s] Level 1:colcon.colcon_core.package_identification:_identify(p0_py) by extension 'colcon_meta'
[0.692s] Level 1:colcon.colcon_core.package_identification:_identify(p0_py) by extensions ['ros']
[0.692s] Level 1:colcon.colcon_core.package_identification:_identify(p0_py) by extension 'ros'
[0.696s] DEBUG:colcon.colcon_core.package_identification:Package 'p0_py' with type 'ros.ament_python' and name 'p0_py'
[0.696s] Level 1:colcon.colcon_core.package_identification:_identify(practicas) by extensions ['ignore', 'ignore_ament_install']
[0.697s] Level 1:colcon.colcon_core.package_identification:_identify(practicas) by extension 'ignore'
[0.697s] Level 1:colcon.colcon_core.package_identification:_identify(practicas) by extension 'ignore_ament_install'
[0.697s] Level 1:colcon.colcon_core.package_identification:_identify(practicas) by extensions ['colcon_pkg']
[0.697s] Level 1:colcon.colcon_core.package_identification:_identify(practicas) by extension 'colcon_pkg'
[0.697s] Level 1:colcon.colcon_core.package_identification:_identify(practicas) by extensions ['colcon_meta']
[0.697s] Level 1:colcon.colcon_core.package_identification:_identify(practicas) by extension 'colcon_meta'
[0.697s] Level 1:colcon.colcon_core.package_identification:_identify(practicas) by extensions ['ros']
[0.697s] Level 1:colcon.colcon_core.package_identification:_identify(practicas) by extension 'ros'
[0.697s] Level 1:colcon.colcon_core.package_identification:_identify(practicas) by extensions ['cmake', 'python']
[0.697s] Level 1:colcon.colcon_core.package_identification:_identify(practicas) by extension 'cmake'
[0.697s] Level 1:colcon.colcon_core.package_identification:_identify(practicas) by extension 'python'
[0.697s] Level 1:colcon.colcon_core.package_identification:_identify(practicas) by extensions ['python_setup_py']
[0.697s] Level 1:colcon.colcon_core.package_identification:_identify(practicas) by extension 'python_setup_py'
[0.697s] Level 1:colcon.colcon_core.package_identification:_identify(scara_bringup) by extensions ['ignore', 'ignore_ament_install']
[0.697s] Level 1:colcon.colcon_core.package_identification:_identify(scara_bringup) by extension 'ignore'
[0.697s] Level 1:colcon.colcon_core.package_identification:_identify(scara_bringup) by extension 'ignore_ament_install'
[0.698s] Level 1:colcon.colcon_core.package_identification:_identify(scara_bringup) by extensions ['colcon_pkg']
[0.698s] Level 1:colcon.colcon_core.package_identification:_identify(scara_bringup) by extension 'colcon_pkg'
[0.698s] Level 1:colcon.colcon_core.package_identification:_identify(scara_bringup) by extensions ['colcon_meta']
[0.698s] Level 1:colcon.colcon_core.package_identification:_identify(scara_bringup) by extension 'colcon_meta'
[0.698s] Level 1:colcon.colcon_core.package_identification:_identify(scara_bringup) by extensions ['ros']
[0.698s] Level 1:colcon.colcon_core.package_identification:_identify(scara_bringup) by extension 'ros'
[0.698s] DEBUG:colcon.colcon_core.package_identification:Package 'scara_bringup' with type 'ros.ament_cmake' and name 'scara_bringup'
[0.698s] Level 1:colcon.colcon_core.package_identification:_identify(scara_description) by extensions ['ignore', 'ignore_ament_install']
[0.698s] Level 1:colcon.colcon_core.package_identification:_identify(scara_description) by extension 'ignore'
[0.698s] Level 1:colcon.colcon_core.package_identification:_identify(scara_description) by extension 'ignore_ament_install'
[0.698s] Level 1:colcon.colcon_core.package_identification:_identify(scara_description) by extensions ['colcon_pkg']
[0.698s] Level 1:colcon.colcon_core.package_identification:_identify(scara_description) by extension 'colcon_pkg'
[0.698s] Level 1:colcon.colcon_core.package_identification:_identify(scara_description) by extensions ['colcon_meta']
[0.698s] Level 1:colcon.colcon_core.package_identification:_identify(scara_description) by extension 'colcon_meta'
[0.699s] Level 1:colcon.colcon_core.package_identification:_identify(scara_description) by extensions ['ros']
[0.699s] Level 1:colcon.colcon_core.package_identification:_identify(scara_description) by extension 'ros'
[0.699s] DEBUG:colcon.colcon_core.package_identification:Package 'scara_description' with type 'ros.ament_cmake' and name 'scara_description'
[0.699s] Level 1:colcon.colcon_core.package_discovery:discover_packages(recursive) using defaults
[0.699s] Level 1:colcon.colcon_core.package_discovery:discover_packages(ignore) discover
[0.699s] Level 1:colcon.colcon_core.package_discovery:discover_packages(ignore) using defaults
[0.699s] Level 1:colcon.colcon_core.package_discovery:discover_packages(path) discover
[0.699s] Level 1:colcon.colcon_core.package_discovery:discover_packages(path) using defaults
[0.739s] Level 1:colcon.colcon_core.package_discovery:discover_packages(prefix_path) check parameters
[0.739s] Level 1:colcon.colcon_core.package_discovery:discover_packages(prefix_path) discover
[0.746s] DEBUG:colcon.colcon_installed_package_information.package_discovery:Found 321 installed packages in /opt/ros/jazzy
[0.748s] Level 1:colcon.colcon_core.package_discovery:discover_packages(prefix_path) using defaults
[0.794s] Level 5:colcon.colcon_core.verb:set package 'p0_py' build argument 'cmake_args' from command line to 'None'
[0.794s] Level 5:colcon.colcon_core.verb:set package 'p0_py' build argument 'cmake_target' from command line to 'None'
[0.794s] Level 5:colcon.colcon_core.verb:set package 'p0_py' build argument 'cmake_target_skip_unavailable' from command line to 'False'
[0.794s] Level 5:colcon.colcon_core.verb:set package 'p0_py' build argument 'cmake_clean_cache' from command line to 'False'
[0.794s] Level 5:colcon.colcon_core.verb:set package 'p0_py' build argument 'cmake_clean_first' from command line to 'False'
[0.794s] Level 5:colcon.colcon_core.verb:set package 'p0_py' build argument 'cmake_force_configure' from command line to 'False'
[0.794s] Level 5:colcon.colcon_core.verb:set package 'p0_py' build argument 'ament_cmake_args' from command line to 'None'
[0.794s] Level 5:colcon.colcon_core.verb:set package 'p0_py' build argument 'catkin_cmake_args' from command line to 'None'
[0.794s] Level 5:colcon.colcon_core.verb:set package 'p0_py' build argument 'catkin_skip_building_tests' from command line to 'False'
[0.794s] DEBUG:colcon.colcon_core.verb:Building package 'p0_py' with the following arguments: {'ament_cmake_args': None, 'build_base': '/home/arrgusr/ROS2Dev/ws_sem26_2/build/p0_py', 'catkin_cmake_args': None, 'catkin_skip_building_tests': False, 'cmake_args': None, 'cmake_clean_cache': False, 'cmake_clean_first': False, 'cmake_force_configure': False, 'cmake_target': None, 'cmake_target_skip_unavailable': False, 'install_base': '/home/arrgusr/ROS2Dev/ws_sem26_2/install/p0_py', 'merge_install': False, 'path': '/home/arrgusr/ROS2Dev/ws_sem26_2/p0_py', 'symlink_install': False, 'test_result_base': None}
[0.795s] Level 5:colcon.colcon_core.verb:set package 'scara_bringup' build argument 'cmake_args' from command line to 'None'
[0.795s] Level 5:colcon.colcon_core.verb:set package 'scara_bringup' build argument 'cmake_target' from command line to 'None'
[0.795s] Level 5:colcon.colcon_core.verb:set package 'scara_bringup' build argument 'cmake_target_skip_unavailable' from command line to 'False'
[0.795s] Level 5:colcon.colcon_core.verb:set package 'scara_bringup' build argument 'cmake_clean_cache' from command line to 'False'
[0.795s] Level 5:colcon.colcon_core.verb:set package 'scara_bringup' build argument 'cmake_clean_first' from command line to 'False'
[0.795s] Level 5:colcon.colcon_core.verb:set package 'scara_bringup' build argument 'cmake_force_configure' from command line to 'False'
[0.795s] Level 5:colcon.colcon_core.verb:set package 'scara_bringup' build argument 'ament_cmake_args' from command line to 'None'
[0.795s] Level 5:colcon.colcon_core.verb:set package 'scara_bringup' build argument 'catkin_cmake_args' from command line to 'None'
[0.795s] Level 5:colcon.colcon_core.verb:set package 'scara_bringup' build argument 'catkin_skip_building_tests' from command line to 'False'
[0.795s] DEBUG:colcon.colcon_core.verb:Building package 'scara_bringup' with the following arguments: {'ament_cmake_args': None, 'build_base': '/home/arrgusr/ROS2Dev/ws_sem26_2/build/scara_bringup', 'catkin_cmake_args': None, 'catkin_skip_building_tests': False, 'cmake_args': None, 'cmake_clean_cache': False, 'cmake_clean_first': False, 'cmake_force_configure': False, 'cmake_target': None, 'cmake_target_skip_unavailable': False, 'install_base': '/home/arrgusr/ROS2Dev/ws_sem26_2/install/scara_bringup', 'merge_install': False, 'path': '/home/arrgusr/ROS2Dev/ws_sem26_2/scara_bringup', 'symlink_install': False, 'test_result_base': None}
[0.795s] Level 5:colcon.colcon_core.verb:set package 'scara_description' build argument 'cmake_args' from command line to 'None'
[0.795s] Level 5:colcon.colcon_core.verb:set package 'scara_description' build argument 'cmake_target' from command line to 'None'
[0.795s] Level 5:colcon.colcon_core.verb:set package 'scara_description' build argument 'cmake_target_skip_unavailable' from command line to 'False'
[0.795s] Level 5:colcon.colcon_core.verb:set package 'scara_description' build argument 'cmake_clean_cache' from command line to 'False'
[0.795s] Level 5:colcon.colcon_core.verb:set package 'scara_description' build argument 'cmake_clean_first' from command line to 'False'
[0.795s] Level 5:colcon.colcon_core.verb:set package 'scara_description' build argument 'cmake_force_configure' from command line to 'False'
[0.795s] Level 5:colcon.colcon_core.verb:set package 'scara_description' build argument 'ament_cmake_args' from command line to 'None'
[0.795s] Level 5:colcon.colcon_core.verb:set package 'scara_description' build argument 'catkin_cmake_args' from command line to 'None'
[0.795s] Level 5:colcon.colcon_core.verb:set package 'scara_description' build argument 'catkin_skip_building_tests' from command line to 'False'
[0.795s] DEBUG:colcon.colcon_core.verb:Building package 'scara_description' with the following arguments: {'ament_cmake_args': None, 'build_base': '/home/arrgusr/ROS2Dev/ws_sem26_2/build/scara_description', 'catkin_cmake_args': None, 'catkin_skip_building_tests': False, 'cmake_args': None, 'cmake_clean_cache': False, 'cmake_clean_first': False, 'cmake_force_configure': False, 'cmake_target': None, 'cmake_target_skip_unavailable': False, 'install_base': '/home/arrgusr/ROS2Dev/ws_sem26_2/install/scara_description', 'merge_install': False, 'path': '/home/arrgusr/ROS2Dev/ws_sem26_2/scara_description', 'symlink_install': False, 'test_result_base': None}
[0.795s] INFO:colcon.colcon_core.executor:Executing jobs using 'parallel' executor
[0.796s] DEBUG:colcon.colcon_parallel_executor.executor.parallel:run_until_complete
[0.797s] INFO:colcon.colcon_ros.task.ament_python.build:Building ROS package in '/home/arrgusr/ROS2Dev/ws_sem26_2/p0_py' with build type 'ament_python'
[0.797s] Level 1:colcon.colcon_core.shell:create_environment_hook('p0_py', 'ament_prefix_path')
[0.813s] INFO:colcon.colcon_core.plugin_system:Skipping extension 'colcon_core.shell.bat': Not used on non-Windows systems
[0.813s] INFO:colcon.colcon_core.shell:Creating environment hook '/home/arrgusr/ROS2Dev/ws_sem26_2/install/p0_py/share/p0_py/hook/ament_prefix_path.ps1'
[0.816s] INFO:colcon.colcon_core.shell:Creating environment descriptor '/home/arrgusr/ROS2Dev/ws_sem26_2/install/p0_py/share/p0_py/hook/ament_prefix_path.dsv'
[0.817s] INFO:colcon.colcon_core.shell:Creating environment hook '/home/arrgusr/ROS2Dev/ws_sem26_2/install/p0_py/share/p0_py/hook/ament_prefix_path.sh'
[0.819s] INFO:colcon.colcon_core.shell:Skip shell extension 'powershell' for command environment: Not usable outside of PowerShell
[0.819s] DEBUG:colcon.colcon_core.shell:Skip shell extension 'dsv' for command environment
[0.823s] INFO:colcon.colcon_ros.task.ament_cmake.build:Building ROS package in '/home/arrgusr/ROS2Dev/ws_sem26_2/scara_bringup' with build type 'ament_cmake'
[0.823s] INFO:colcon.colcon_cmake.task.cmake.build:Building CMake package in '/home/arrgusr/ROS2Dev/ws_sem26_2/scara_bringup'
[0.824s] INFO:colcon.colcon_core.shell:Skip shell extension 'powershell' for command environment: Not usable outside of PowerShell
[0.824s] DEBUG:colcon.colcon_core.shell:Skip shell extension 'dsv' for command environment
[1.059s] INFO:colcon.colcon_core.task.python.build:Building Python package in '/home/arrgusr/ROS2Dev/ws_sem26_2/p0_py'
[1.059s] INFO:colcon.colcon_core.shell:Skip shell extension 'powershell' for command environment: Not usable outside of PowerShell
[1.059s] DEBUG:colcon.colcon_core.shell:Skip shell extension 'dsv' for command environment
[1.065s] DEBUG:colcon.colcon_core.event_handler.log_command:Invoking command in '/home/arrgusr/ROS2Dev/ws_sem26_2/build/scara_bringup': CMAKE_PREFIX_PATH=${CMAKE_PREFIX_PATH}:/opt/ros/jazzy DEBUGINFOD_URLS=https://debuginfod.ubuntu.com /usr/bin/cmake /home/arrgusr/ROS2Dev/ws_sem26_2/scara_bringup -DCMAKE_INSTALL_PREFIX=/home/arrgusr/ROS2Dev/ws_sem26_2/install/scara_bringup
[2.595s] DEBUG:colcon.colcon_core.event_handler.log_command:Invoking command in '/home/arrgusr/ROS2Dev/ws_sem26_2/p0_py': DEBUGINFOD_URLS=https://debuginfod.ubuntu.com PYTHONPATH=/home/arrgusr/ROS2Dev/ws_sem26_2/build/p0_py/prefix_override:/usr/lib/python3/dist-packages/colcon_core/task/python/colcon_distutils_commands:/home/arrgusr/ROS2Dev/ws_sem26_2/install/p0_py/lib/python3.12/site-packages:${PYTHONPATH} /usr/bin/python3 -W ignore:setup.py install is deprecated -W ignore:easy_install command is deprecated setup.py egg_info --egg-base ../build/p0_py build --build-base /home/arrgusr/ROS2Dev/ws_sem26_2/build/p0_py/build install --record /home/arrgusr/ROS2Dev/ws_sem26_2/build/p0_py/install.log --single-version-externally-managed install_data
[3.006s] DEBUG:colcon.colcon_core.event_handler.log_command:Invoked command in '/home/arrgusr/ROS2Dev/ws_sem26_2/build/scara_bringup' returned '0': CMAKE_PREFIX_PATH=${CMAKE_PREFIX_PATH}:/opt/ros/jazzy DEBUGINFOD_URLS=https://debuginfod.ubuntu.com /usr/bin/cmake /home/arrgusr/ROS2Dev/ws_sem26_2/scara_bringup -DCMAKE_INSTALL_PREFIX=/home/arrgusr/ROS2Dev/ws_sem26_2/install/scara_bringup
[3.006s] DEBUG:colcon.colcon_core.event_handler.log_command:Invoking command in '/home/arrgusr/ROS2Dev/ws_sem26_2/build/scara_bringup': CMAKE_PREFIX_PATH=${CMAKE_PREFIX_PATH}:/opt/ros/jazzy DEBUGINFOD_URLS=https://debuginfod.ubuntu.com /usr/bin/cmake --build /home/arrgusr/ROS2Dev/ws_sem26_2/build/scara_bringup -- -j2 -l2
[3.067s] DEBUG:colcon.colcon_core.event_handler.log_command:Invoked command in '/home/arrgusr/ROS2Dev/ws_sem26_2/build/scara_bringup' returned '0': CMAKE_PREFIX_PATH=${CMAKE_PREFIX_PATH}:/opt/ros/jazzy DEBUGINFOD_URLS=https://debuginfod.ubuntu.com /usr/bin/cmake --build /home/arrgusr/ROS2Dev/ws_sem26_2/build/scara_bringup -- -j2 -l2
[3.082s] DEBUG:colcon.colcon_core.event_handler.log_command:Invoking command in '/home/arrgusr/ROS2Dev/ws_sem26_2/build/scara_bringup': CMAKE_PREFIX_PATH=${CMAKE_PREFIX_PATH}:/opt/ros/jazzy DEBUGINFOD_URLS=https://debuginfod.ubuntu.com /usr/bin/cmake --install /home/arrgusr/ROS2Dev/ws_sem26_2/build/scara_bringup
[3.095s] Level 1:colcon.colcon_core.environment:create_environment_scripts_only(scara_bringup)
[3.096s] DEBUG:colcon.colcon_core.event_handler.log_command:Invoked command in '/home/arrgusr/ROS2Dev/ws_sem26_2/build/scara_bringup' returned '0': CMAKE_PREFIX_PATH=${CMAKE_PREFIX_PATH}:/opt/ros/jazzy DEBUGINFOD_URLS=https://debuginfod.ubuntu.com /usr/bin/cmake --install /home/arrgusr/ROS2Dev/ws_sem26_2/build/scara_bringup
[3.107s] Level 1:colcon.colcon_core.environment:checking '/home/arrgusr/ROS2Dev/ws_sem26_2/install/scara_bringup' for CMake module files
[3.108s] Level 1:colcon.colcon_core.environment:checking '/home/arrgusr/ROS2Dev/ws_sem26_2/install/scara_bringup' for CMake config files
[3.108s] Level 1:colcon.colcon_core.shell:create_environment_hook('scara_bringup', 'cmake_prefix_path')
[3.108s] INFO:colcon.colcon_core.shell:Creating environment hook '/home/arrgusr/ROS2Dev/ws_sem26_2/install/scara_bringup/share/scara_bringup/hook/cmake_prefix_path.ps1'
[3.109s] INFO:colcon.colcon_core.shell:Creating environment descriptor '/home/arrgusr/ROS2Dev/ws_sem26_2/install/scara_bringup/share/scara_bringup/hook/cmake_prefix_path.dsv'
[3.109s] INFO:colcon.colcon_core.shell:Creating environment hook '/home/arrgusr/ROS2Dev/ws_sem26_2/install/scara_bringup/share/scara_bringup/hook/cmake_prefix_path.sh'
[3.110s] Level 1:colcon.colcon_core.environment:checking '/home/arrgusr/ROS2Dev/ws_sem26_2/install/scara_bringup/bin'
[3.110s] Level 1:colcon.colcon_core.environment:checking '/home/arrgusr/ROS2Dev/ws_sem26_2/install/scara_bringup/lib/pkgconfig/scara_bringup.pc'
[3.110s] Level 1:colcon.colcon_core.environment:checking '/home/arrgusr/ROS2Dev/ws_sem26_2/install/scara_bringup/lib/python3.12/site-packages'
[3.111s] Level 1:colcon.colcon_core.environment:checking '/home/arrgusr/ROS2Dev/ws_sem26_2/install/scara_bringup/bin'
[3.111s] INFO:colcon.colcon_core.shell:Creating package script '/home/arrgusr/ROS2Dev/ws_sem26_2/install/scara_bringup/share/scara_bringup/package.ps1'
[3.113s] INFO:colcon.colcon_core.shell:Creating package descriptor '/home/arrgusr/ROS2Dev/ws_sem26_2/install/scara_bringup/share/scara_bringup/package.dsv'
[3.114s] INFO:colcon.colcon_core.shell:Creating package script '/home/arrgusr/ROS2Dev/ws_sem26_2/install/scara_bringup/share/scara_bringup/package.sh'
[3.116s] INFO:colcon.colcon_core.shell:Creating package script '/home/arrgusr/ROS2Dev/ws_sem26_2/install/scara_bringup/share/scara_bringup/package.bash'
[3.117s] INFO:colcon.colcon_core.shell:Creating package script '/home/arrgusr/ROS2Dev/ws_sem26_2/install/scara_bringup/share/scara_bringup/package.zsh'
[3.119s] Level 1:colcon.colcon_core.environment:create_file_with_runtime_dependencies(/home/arrgusr/ROS2Dev/ws_sem26_2/install/scara_bringup/share/colcon-core/packages/scara_bringup)
[3.120s] Level 1:colcon.colcon_core.environment:create_environment_scripts_only(scara_bringup)
[3.120s] Level 1:colcon.colcon_core.environment:checking '/home/arrgusr/ROS2Dev/ws_sem26_2/install/scara_bringup' for CMake module files
[3.120s] Level 1:colcon.colcon_core.environment:checking '/home/arrgusr/ROS2Dev/ws_sem26_2/install/scara_bringup' for CMake config files
[3.120s] Level 1:colcon.colcon_core.shell:create_environment_hook('scara_bringup', 'cmake_prefix_path')
[3.121s] INFO:colcon.colcon_core.shell:Creating environment hook '/home/arrgusr/ROS2Dev/ws_sem26_2/install/scara_bringup/share/scara_bringup/hook/cmake_prefix_path.ps1'
[3.121s] INFO:colcon.colcon_core.shell:Creating environment descriptor '/home/arrgusr/ROS2Dev/ws_sem26_2/install/scara_bringup/share/scara_bringup/hook/cmake_prefix_path.dsv'
[3.122s] INFO:colcon.colcon_core.shell:Creating environment hook '/home/arrgusr/ROS2Dev/ws_sem26_2/install/scara_bringup/share/scara_bringup/hook/cmake_prefix_path.sh'
[3.123s] Level 1:colcon.colcon_core.environment:checking '/home/arrgusr/ROS2Dev/ws_sem26_2/install/scara_bringup/bin'
[3.123s] Level 1:colcon.colcon_core.environment:checking '/home/arrgusr/ROS2Dev/ws_sem26_2/install/scara_bringup/lib/pkgconfig/scara_bringup.pc'
[3.123s] Level 1:colcon.colcon_core.environment:checking '/home/arrgusr/ROS2Dev/ws_sem26_2/install/scara_bringup/lib/python3.12/site-packages'
[3.123s] Level 1:colcon.colcon_core.environment:checking '/home/arrgusr/ROS2Dev/ws_sem26_2/install/scara_bringup/bin'
[3.123s] INFO:colcon.colcon_core.shell:Creating package script '/home/arrgusr/ROS2Dev/ws_sem26_2/install/scara_bringup/share/scara_bringup/package.ps1'
[3.124s] INFO:colcon.colcon_core.shell:Creating package descriptor '/home/arrgusr/ROS2Dev/ws_sem26_2/install/scara_bringup/share/scara_bringup/package.dsv'
[3.127s] INFO:colcon.colcon_core.shell:Creating package script '/home/arrgusr/ROS2Dev/ws_sem26_2/install/scara_bringup/share/scara_bringup/package.sh'
[3.128s] INFO:colcon.colcon_core.shell:Creating package script '/home/arrgusr/ROS2Dev/ws_sem26_2/install/scara_bringup/share/scara_bringup/package.bash'
[3.129s] INFO:colcon.colcon_core.shell:Creating package script '/home/arrgusr/ROS2Dev/ws_sem26_2/install/scara_bringup/share/scara_bringup/package.zsh'
[3.130s] Level 1:colcon.colcon_core.environment:create_file_with_runtime_dependencies(/home/arrgusr/ROS2Dev/ws_sem26_2/install/scara_bringup/share/colcon-core/packages/scara_bringup)
[3.131s] INFO:colcon.colcon_ros.task.ament_cmake.build:Building ROS package in '/home/arrgusr/ROS2Dev/ws_sem26_2/scara_description' with build type 'ament_cmake'
[3.131s] INFO:colcon.colcon_cmake.task.cmake.build:Building CMake package in '/home/arrgusr/ROS2Dev/ws_sem26_2/scara_description'
[3.132s] INFO:colcon.colcon_core.shell:Skip shell extension 'powershell' for command environment: Not usable outside of PowerShell
[3.132s] DEBUG:colcon.colcon_core.shell:Skip shell extension 'dsv' for command environment
[3.146s] DEBUG:colcon.colcon_core.event_handler.log_command:Invoking command in '/home/arrgusr/ROS2Dev/ws_sem26_2/build/scara_description': CMAKE_PREFIX_PATH=${CMAKE_PREFIX_PATH}:/opt/ros/jazzy DEBUGINFOD_URLS=https://debuginfod.ubuntu.com /usr/bin/cmake /home/arrgusr/ROS2Dev/ws_sem26_2/scara_description -DCMAKE_INSTALL_PREFIX=/home/arrgusr/ROS2Dev/ws_sem26_2/install/scara_description
[3.284s] Level 1:colcon.colcon_core.environment:checking '/home/arrgusr/ROS2Dev/ws_sem26_2/install/p0_py' for CMake module files
[3.285s] DEBUG:colcon.colcon_core.event_handler.log_command:Invoked command in '/home/arrgusr/ROS2Dev/ws_sem26_2/p0_py' returned '0': DEBUGINFOD_URLS=https://debuginfod.ubuntu.com PYTHONPATH=/home/arrgusr/ROS2Dev/ws_sem26_2/build/p0_py/prefix_override:/usr/lib/python3/dist-packages/colcon_core/task/python/colcon_distutils_commands:/home/arrgusr/ROS2Dev/ws_sem26_2/install/p0_py/lib/python3.12/site-packages:${PYTHONPATH} /usr/bin/python3 -W ignore:setup.py install is deprecated -W ignore:easy_install command is deprecated setup.py egg_info --egg-base ../build/p0_py build --build-base /home/arrgusr/ROS2Dev/ws_sem26_2/build/p0_py/build install --record /home/arrgusr/ROS2Dev/ws_sem26_2/build/p0_py/install.log --single-version-externally-managed install_data
[3.285s] Level 1:colcon.colcon_core.environment:checking '/home/arrgusr/ROS2Dev/ws_sem26_2/install/p0_py' for CMake config files
[3.286s] Level 1:colcon.colcon_core.environment:checking '/home/arrgusr/ROS2Dev/ws_sem26_2/install/p0_py/lib'
[3.286s] Level 1:colcon.colcon_core.environment:checking '/home/arrgusr/ROS2Dev/ws_sem26_2/install/p0_py/bin'
[3.286s] Level 1:colcon.colcon_core.environment:checking '/home/arrgusr/ROS2Dev/ws_sem26_2/install/p0_py/lib/pkgconfig/p0_py.pc'
[3.286s] Level 1:colcon.colcon_core.environment:checking '/home/arrgusr/ROS2Dev/ws_sem26_2/install/p0_py/lib/python3.12/site-packages'
[3.287s] Level 1:colcon.colcon_core.shell:create_environment_hook('p0_py', 'pythonpath')
[3.287s] INFO:colcon.colcon_core.shell:Creating environment hook '/home/arrgusr/ROS2Dev/ws_sem26_2/install/p0_py/share/p0_py/hook/pythonpath.ps1'
[3.287s] INFO:colcon.colcon_core.shell:Creating environment descriptor '/home/arrgusr/ROS2Dev/ws_sem26_2/install/p0_py/share/p0_py/hook/pythonpath.dsv'
[3.287s] INFO:colcon.colcon_core.shell:Creating environment hook '/home/arrgusr/ROS2Dev/ws_sem26_2/install/p0_py/share/p0_py/hook/pythonpath.sh'
[3.288s] Level 1:colcon.colcon_core.environment:checking '/home/arrgusr/ROS2Dev/ws_sem26_2/install/p0_py/bin'
[3.288s] Level 1:colcon.colcon_core.environment:create_environment_scripts_only(p0_py)
[3.288s] INFO:colcon.colcon_core.shell:Creating package script '/home/arrgusr/ROS2Dev/ws_sem26_2/install/p0_py/share/p0_py/package.ps1'
[3.289s] INFO:colcon.colcon_core.shell:Creating package descriptor '/home/arrgusr/ROS2Dev/ws_sem26_2/install/p0_py/share/p0_py/package.dsv'
[3.289s] INFO:colcon.colcon_core.shell:Creating package script '/home/arrgusr/ROS2Dev/ws_sem26_2/install/p0_py/share/p0_py/package.sh'
[3.290s] INFO:colcon.colcon_core.shell:Creating package script '/home/arrgusr/ROS2Dev/ws_sem26_2/install/p0_py/share/p0_py/package.bash'
[3.291s] INFO:colcon.colcon_core.shell:Creating package script '/home/arrgusr/ROS2Dev/ws_sem26_2/install/p0_py/share/p0_py/package.zsh'
[3.292s] Level 1:colcon.colcon_core.environment:create_file_with_runtime_dependencies(/home/arrgusr/ROS2Dev/ws_sem26_2/install/p0_py/share/colcon-core/packages/p0_py)
[4.455s] DEBUG:colcon.colcon_core.event_handler.log_command:Invoked command in '/home/arrgusr/ROS2Dev/ws_sem26_2/build/scara_description' returned '0': CMAKE_PREFIX_PATH=${CMAKE_PREFIX_PATH}:/opt/ros/jazzy DEBUGINFOD_URLS=https://debuginfod.ubuntu.com /usr/bin/cmake /home/arrgusr/ROS2Dev/ws_sem26_2/scara_description -DCMAKE_INSTALL_PREFIX=/home/arrgusr/ROS2Dev/ws_sem26_2/install/scara_description
[4.455s] DEBUG:colcon.colcon_core.event_handler.log_command:Invoking command in '/home/arrgusr/ROS2Dev/ws_sem26_2/build/scara_description': CMAKE_PREFIX_PATH=${CMAKE_PREFIX_PATH}:/opt/ros/jazzy DEBUGINFOD_URLS=https://debuginfod.ubuntu.com /usr/bin/cmake --build /home/arrgusr/ROS2Dev/ws_sem26_2/build/scara_description -- -j2 -l2
[4.497s] DEBUG:colcon.colcon_core.event_handler.log_command:Invoked command in '/home/arrgusr/ROS2Dev/ws_sem26_2/build/scara_description' returned '0': CMAKE_PREFIX_PATH=${CMAKE_PREFIX_PATH}:/opt/ros/jazzy DEBUGINFOD_URLS=https://debuginfod.ubuntu.com /usr/bin/cmake --build /home/arrgusr/ROS2Dev/ws_sem26_2/build/scara_description -- -j2 -l2
[4.499s] DEBUG:colcon.colcon_core.event_handler.log_command:Invoking command in '/home/arrgusr/ROS2Dev/ws_sem26_2/build/scara_description': CMAKE_PREFIX_PATH=${CMAKE_PREFIX_PATH}:/opt/ros/jazzy DEBUGINFOD_URLS=https://debuginfod.ubuntu.com /usr/bin/cmake --install /home/arrgusr/ROS2Dev/ws_sem26_2/build/scara_description
[4.515s] Level 1:colcon.colcon_core.environment:create_environment_scripts_only(scara_description)
[4.516s] DEBUG:colcon.colcon_core.event_handler.log_command:Invoked command in '/home/arrgusr/ROS2Dev/ws_sem26_2/build/scara_description' returned '0': CMAKE_PREFIX_PATH=${CMAKE_PREFIX_PATH}:/opt/ros/jazzy DEBUGINFOD_URLS=https://debuginfod.ubuntu.com /usr/bin/cmake --install /home/arrgusr/ROS2Dev/ws_sem26_2/build/scara_description
[4.516s] Level 1:colcon.colcon_core.environment:checking '/home/arrgusr/ROS2Dev/ws_sem26_2/install/scara_description' for CMake module files
[4.516s] Level 1:colcon.colcon_core.environment:checking '/home/arrgusr/ROS2Dev/ws_sem26_2/install/scara_description' for CMake config files
[4.516s] Level 1:colcon.colcon_core.shell:create_environment_hook('scara_description', 'cmake_prefix_path')
[4.517s] INFO:colcon.colcon_core.shell:Creating environment hook '/home/arrgusr/ROS2Dev/ws_sem26_2/install/scara_description/share/scara_description/hook/cmake_prefix_path.ps1'
[4.517s] INFO:colcon.colcon_core.shell:Creating environment descriptor '/home/arrgusr/ROS2Dev/ws_sem26_2/install/scara_description/share/scara_description/hook/cmake_prefix_path.dsv'
[4.517s] INFO:colcon.colcon_core.shell:Creating environment hook '/home/arrgusr/ROS2Dev/ws_sem26_2/install/scara_description/share/scara_description/hook/cmake_prefix_path.sh'
[4.518s] Level 1:colcon.colcon_core.environment:checking '/home/arrgusr/ROS2Dev/ws_sem26_2/install/scara_description/bin'
[4.518s] Level 1:colcon.colcon_core.environment:checking '/home/arrgusr/ROS2Dev/ws_sem26_2/install/scara_description/lib/pkgconfig/scara_description.pc'
[4.518s] Level 1:colcon.colcon_core.environment:checking '/home/arrgusr/ROS2Dev/ws_sem26_2/install/scara_description/lib/python3.12/site-packages'
[4.518s] Level 1:colcon.colcon_core.environment:checking '/home/arrgusr/ROS2Dev/ws_sem26_2/install/scara_description/bin'
[4.519s] INFO:colcon.colcon_core.shell:Creating package script '/home/arrgusr/ROS2Dev/ws_sem26_2/install/scara_description/share/scara_description/package.ps1'
[4.519s] INFO:colcon.colcon_core.shell:Creating package descriptor '/home/arrgusr/ROS2Dev/ws_sem26_2/install/scara_description/share/scara_description/package.dsv'
[4.520s] INFO:colcon.colcon_core.shell:Creating package script '/home/arrgusr/ROS2Dev/ws_sem26_2/install/scara_description/share/scara_description/package.sh'
[4.520s] INFO:colcon.colcon_core.shell:Creating package script '/home/arrgusr/ROS2Dev/ws_sem26_2/install/scara_description/share/scara_description/package.bash'
[4.521s] INFO:colcon.colcon_core.shell:Creating package script '/home/arrgusr/ROS2Dev/ws_sem26_2/install/scara_description/share/scara_description/package.zsh'
[4.521s] Level 1:colcon.colcon_core.environment:create_file_with_runtime_dependencies(/home/arrgusr/ROS2Dev/ws_sem26_2/install/scara_description/share/colcon-core/packages/scara_description)
[4.521s] Level 1:colcon.colcon_core.environment:create_environment_scripts_only(scara_description)
[4.521s] Level 1:colcon.colcon_core.environment:checking '/home/arrgusr/ROS2Dev/ws_sem26_2/install/scara_description' for CMake module files
[4.522s] Level 1:colcon.colcon_core.environment:checking '/home/arrgusr/ROS2Dev/ws_sem26_2/install/scara_description' for CMake config files
[4.522s] Level 1:colcon.colcon_core.shell:create_environment_hook('scara_description', 'cmake_prefix_path')
[4.522s] INFO:colcon.colcon_core.shell:Creating environment hook '/home/arrgusr/ROS2Dev/ws_sem26_2/install/scara_description/share/scara_description/hook/cmake_prefix_path.ps1'
[4.523s] INFO:colcon.colcon_core.shell:Creating environment descriptor '/home/arrgusr/ROS2Dev/ws_sem26_2/install/scara_description/share/scara_description/hook/cmake_prefix_path.dsv'
[4.524s] INFO:colcon.colcon_core.shell:Creating environment hook '/home/arrgusr/ROS2Dev/ws_sem26_2/install/scara_description/share/scara_description/hook/cmake_prefix_path.sh'
[4.525s] Level 1:colcon.colcon_core.environment:checking '/home/arrgusr/ROS2Dev/ws_sem26_2/install/scara_description/bin'
[4.525s] Level 1:colcon.colcon_core.environment:checking '/home/arrgusr/ROS2Dev/ws_sem26_2/install/scara_description/lib/pkgconfig/scara_description.pc'
[4.525s] Level 1:colcon.colcon_core.environment:checking '/home/arrgusr/ROS2Dev/ws_sem26_2/install/scara_description/lib/python3.12/site-packages'
[4.525s] Level 1:colcon.colcon_core.environment:checking '/home/arrgusr/ROS2Dev/ws_sem26_2/install/scara_description/bin'
[4.526s] INFO:colcon.colcon_core.shell:Creating package script '/home/arrgusr/ROS2Dev/ws_sem26_2/install/scara_description/share/scara_description/package.ps1'
[4.526s] INFO:colcon.colcon_core.shell:Creating package descriptor '/home/arrgusr/ROS2Dev/ws_sem26_2/install/scara_description/share/scara_description/package.dsv'
[4.527s] INFO:colcon.colcon_core.shell:Creating package script '/home/arrgusr/ROS2Dev/ws_sem26_2/install/scara_description/share/scara_description/package.sh'
[4.528s] INFO:colcon.colcon_core.shell:Creating package script '/home/arrgusr/ROS2Dev/ws_sem26_2/install/scara_description/share/scara_description/package.bash'
[4.528s] INFO:colcon.colcon_core.shell:Creating package script '/home/arrgusr/ROS2Dev/ws_sem26_2/install/scara_description/share/scara_description/package.zsh'
[4.529s] Level 1:colcon.colcon_core.environment:create_file_with_runtime_dependencies(/home/arrgusr/ROS2Dev/ws_sem26_2/install/scara_description/share/colcon-core/packages/scara_description)
[4.530s] DEBUG:colcon.colcon_parallel_executor.executor.parallel:closing loop
[4.530s] DEBUG:colcon.colcon_parallel_executor.executor.parallel:loop closed
[4.530s] DEBUG:colcon.colcon_parallel_executor.executor.parallel:run_until_complete finished with '0'
[4.530s] DEBUG:colcon.colcon_core.event_reactor:joining thread
[4.546s] INFO:colcon.colcon_core.plugin_system:Skipping extension 'colcon_notification.desktop_notification.terminal_notifier': Not used on non-Darwin systems
[4.546s] INFO:colcon.colcon_core.plugin_system:Skipping extension 'colcon_notification.desktop_notification.win32': Not used on non-Windows systems
[4.547s] INFO:colcon.colcon_notification.desktop_notification:Sending desktop notification using 'notify2'
[4.582s] DEBUG:colcon.colcon_core.event_reactor:joined thread
[4.583s] INFO:colcon.colcon_core.shell:Creating prefix script '/home/arrgusr/ROS2Dev/ws_sem26_2/install/local_setup.ps1'
[4.586s] INFO:colcon.colcon_core.shell:Creating prefix util module '/home/arrgusr/ROS2Dev/ws_sem26_2/install/_local_setup_util_ps1.py'
[4.588s] INFO:colcon.colcon_core.shell:Creating prefix chain script '/home/arrgusr/ROS2Dev/ws_sem26_2/install/setup.ps1'
[4.590s] INFO:colcon.colcon_core.shell:Creating prefix script '/home/arrgusr/ROS2Dev/ws_sem26_2/install/local_setup.sh'
[4.592s] INFO:colcon.colcon_core.shell:Creating prefix util module '/home/arrgusr/ROS2Dev/ws_sem26_2/install/_local_setup_util_sh.py'
[4.593s] INFO:colcon.colcon_core.shell:Creating prefix chain script '/home/arrgusr/ROS2Dev/ws_sem26_2/install/setup.sh'
[4.596s] INFO:colcon.colcon_core.shell:Creating prefix script '/home/arrgusr/ROS2Dev/ws_sem26_2/install/local_setup.bash'
[4.597s] INFO:colcon.colcon_core.shell:Creating prefix chain script '/home/arrgusr/ROS2Dev/ws_sem26_2/install/setup.bash'
[4.599s] INFO:colcon.colcon_core.shell:Creating prefix script '/home/arrgusr/ROS2Dev/ws_sem26_2/install/local_setup.zsh'
[4.601s] INFO:colcon.colcon_core.shell:Creating prefix chain script '/home/arrgusr/ROS2Dev/ws_sem26_2/install/setup.zsh'
