[0.241s] Invoking command in '/home/arrgusr/ROS2Dev/ws_sem26_2/build/scara_bringup': CMAKE_PREFIX_PATH=${CMAKE_PREFIX_PATH}:/opt/ros/jazzy DEBUGINFOD_URLS=https://debuginfod.ubuntu.com /usr/bin/cmake /home/arrgusr/ROS2Dev/ws_sem26_2/scara_bringup -DCMAKE_INSTALL_PREFIX=/home/arrgusr/ROS2Dev/ws_sem26_2/install/scara_bringup
[0.553s] -- The C compiler identification is GNU 13.3.0
[0.719s] -- The CXX compiler identification is GNU 13.3.0
[0.761s] -- Detecting C compiler ABI info
[0.900s] -- Detecting C compiler ABI info - done
[0.910s] -- Check for working C compiler: /usr/bin/cc - skipped
[0.911s] -- Detecting C compile features
[0.912s] -- Detecting C compile features - done
[0.926s] -- Detecting CXX compiler ABI info
[1.052s] -- Detecting CXX compiler ABI info - done
[1.069s] -- Check for working CXX compiler: /usr/bin/c++ - skipped
[1.069s] -- Detecting CXX compile features
[1.070s] -- Detecting CXX compile features - done
[1.094s] -- Found ament_cmake: 2.5.6 (/opt/ros/jazzy/share/ament_cmake/cmake)
[1.758s] -- Found Python3: /home/arrgusr/.pyenv/shims/python3 (found version "3.12.3") found components: Interpreter 
[2.158s] -- Configuring done (1.7s)
[2.162s] -- Generating done (0.0s)
[2.165s] -- Build files have been written to: /home/arrgusr/ROS2Dev/ws_sem26_2/build/scara_bringup
[2.181s] Invoked command in '/home/arrgusr/ROS2Dev/ws_sem26_2/build/scara_bringup' returned '0': CMAKE_PREFIX_PATH=${CMAKE_PREFIX_PATH}:/opt/ros/jazzy DEBUGINFOD_URLS=https://debuginfod.ubuntu.com /usr/bin/cmake /home/arrgusr/ROS2Dev/ws_sem26_2/scara_bringup -DCMAKE_INSTALL_PREFIX=/home/arrgusr/ROS2Dev/ws_sem26_2/install/scara_bringup
[2.182s] Invoking command in '/home/arrgusr/ROS2Dev/ws_sem26_2/build/scara_bringup': CMAKE_PREFIX_PATH=${CMAKE_PREFIX_PATH}:/opt/ros/jazzy DEBUGINFOD_URLS=https://debuginfod.ubuntu.com /usr/bin/cmake --build /home/arrgusr/ROS2Dev/ws_sem26_2/build/scara_bringup -- -j2 -l2
[2.243s] Invoked command in '/home/arrgusr/ROS2Dev/ws_sem26_2/build/scara_bringup' returned '0': CMAKE_PREFIX_PATH=${CMAKE_PREFIX_PATH}:/opt/ros/jazzy DEBUGINFOD_URLS=https://debuginfod.ubuntu.com /usr/bin/cmake --build /home/arrgusr/ROS2Dev/ws_sem26_2/build/scara_bringup -- -j2 -l2
[2.257s] Invoking command in '/home/arrgusr/ROS2Dev/ws_sem26_2/build/scara_bringup': CMAKE_PREFIX_PATH=${CMAKE_PREFIX_PATH}:/opt/ros/jazzy DEBUGINFOD_URLS=https://debuginfod.ubuntu.com /usr/bin/cmake --install /home/arrgusr/ROS2Dev/ws_sem26_2/build/scara_bringup
[2.266s] -- Install configuration: ""
[2.266s] -- Installing: /home/arrgusr/ROS2Dev/ws_sem26_2/install/scara_bringup/share/scara_bringup//launch
[2.267s] -- Installing: /home/arrgusr/ROS2Dev/ws_sem26_2/install/scara_bringup/share/scara_bringup//launch/gz2_scara.launch.py
[2.267s] -- Installing: /home/arrgusr/ROS2Dev/ws_sem26_2/install/scara_bringup/share/scara_bringup//rviz
[2.267s] -- Installing: /home/arrgusr/ROS2Dev/ws_sem26_2/install/scara_bringup/share/scara_bringup//rviz/scara_trajectory_controller_rviz.rviz
[2.269s] -- Installing: /home/arrgusr/ROS2Dev/ws_sem26_2/install/scara_bringup/share/scara_bringup//rviz/scara_config.rviz
[2.269s] -- Installing: /home/arrgusr/ROS2Dev/ws_sem26_2/install/scara_bringup/share/scara_bringup//worlds
[2.269s] -- Installing: /home/arrgusr/ROS2Dev/ws_sem26_2/install/scara_bringup/share/scara_bringup//worlds/world_config.world
[2.269s] -- Installing: /home/arrgusr/ROS2Dev/ws_sem26_2/install/scara_bringup/share/scara_bringup//worlds/test_world
[2.269s] -- Installing: /home/arrgusr/ROS2Dev/ws_sem26_2/install/scara_bringup/share/scara_bringup//worlds/test_world/model.sdf
[2.269s] -- Installing: /home/arrgusr/ROS2Dev/ws_sem26_2/install/scara_bringup/share/scara_bringup//worlds/test_world/model.config
[2.270s] -- Installing: /home/arrgusr/ROS2Dev/ws_sem26_2/install/scara_bringup/share/scara_bringup//worlds/test_w_1.world
[2.270s] -- Installing: /home/arrgusr/ROS2Dev/ws_sem26_2/install/scara_bringup/share/scara_bringup//worlds/test_2_world
[2.270s] -- Installing: /home/arrgusr/ROS2Dev/ws_sem26_2/install/scara_bringup/share/scara_bringup//worlds/test_2_world/roberto
[2.270s] -- Installing: /home/arrgusr/ROS2Dev/ws_sem26_2/install/scara_bringup/share/scara_bringup//worlds/test_2_world/roberto/model.sdf
[2.270s] -- Installing: /home/arrgusr/ROS2Dev/ws_sem26_2/install/scara_bringup/share/scara_bringup//worlds/test_2_world/roberto/model.config
[2.270s] -- Installing: /home/arrgusr/ROS2Dev/ws_sem26_2/install/scara_bringup/share/scara_bringup//worlds/test_2_world.world
[2.270s] -- Installing: /home/arrgusr/ROS2Dev/ws_sem26_2/install/scara_bringup/share/scara_bringup//config
[2.270s] -- Installing: /home/arrgusr/ROS2Dev/ws_sem26_2/install/scara_bringup/share/scara_bringup//config/gz_bridge.yaml
[2.270s] -- Installing: /home/arrgusr/ROS2Dev/ws_sem26_2/install/scara_bringup/share/ament_index/resource_index/package_run_dependencies/scara_bringup
[2.270s] -- Installing: /home/arrgusr/ROS2Dev/ws_sem26_2/install/scara_bringup/share/ament_index/resource_index/parent_prefix_path/scara_bringup
[2.270s] -- Installing: /home/arrgusr/ROS2Dev/ws_sem26_2/install/scara_bringup/share/scara_bringup/environment/ament_prefix_path.sh
[2.270s] -- Installing: /home/arrgusr/ROS2Dev/ws_sem26_2/install/scara_bringup/share/scara_bringup/environment/ament_prefix_path.dsv
[2.270s] -- Installing: /home/arrgusr/ROS2Dev/ws_sem26_2/install/scara_bringup/share/scara_bringup/environment/path.sh
[2.270s] -- Installing: /home/arrgusr/ROS2Dev/ws_sem26_2/install/scara_bringup/share/scara_bringup/environment/path.dsv
[2.270s] -- Installing: /home/arrgusr/ROS2Dev/ws_sem26_2/install/scara_bringup/share/scara_bringup/local_setup.bash
[2.270s] -- Installing: /home/arrgusr/ROS2Dev/ws_sem26_2/install/scara_bringup/share/scara_bringup/local_setup.sh
[2.270s] -- Installing: /home/arrgusr/ROS2Dev/ws_sem26_2/install/scara_bringup/share/scara_bringup/local_setup.zsh
[2.270s] -- Installing: /home/arrgusr/ROS2Dev/ws_sem26_2/install/scara_bringup/share/scara_bringup/local_setup.dsv
[2.271s] -- Installing: /home/arrgusr/ROS2Dev/ws_sem26_2/install/scara_bringup/share/scara_bringup/package.dsv
[2.271s] -- Installing: /home/arrgusr/ROS2Dev/ws_sem26_2/install/scara_bringup/share/ament_index/resource_index/packages/scara_bringup
[2.271s] -- Installing: /home/arrgusr/ROS2Dev/ws_sem26_2/install/scara_bringup/share/scara_bringup/cmake/scara_bringupConfig.cmake
[2.271s] -- Installing: /home/arrgusr/ROS2Dev/ws_sem26_2/install/scara_bringup/share/scara_bringup/cmake/scara_bringupConfig-version.cmake
[2.271s] -- Installing: /home/arrgusr/ROS2Dev/ws_sem26_2/install/scara_bringup/share/scara_bringup/package.xml
[2.272s] Invoked command in '/home/arrgusr/ROS2Dev/ws_sem26_2/build/scara_bringup' returned '0': CMAKE_PREFIX_PATH=${CMAKE_PREFIX_PATH}:/opt/ros/jazzy DEBUGINFOD_URLS=https://debuginfod.ubuntu.com /usr/bin/cmake --install /home/arrgusr/ROS2Dev/ws_sem26_2/build/scara_bringup
