[0.013s] Invoking command in '/home/arrgusr/ROS2Dev/ws_sem26_2/build/scara_description': CMAKE_PREFIX_PATH=${CMAKE_PREFIX_PATH}:/opt/ros/jazzy DEBUGINFOD_URLS=https://debuginfod.ubuntu.com /usr/bin/cmake /home/arrgusr/ROS2Dev/ws_sem26_2/scara_description -DCMAKE_INSTALL_PREFIX=/home/arrgusr/ROS2Dev/ws_sem26_2/install/scara_description
[0.080s] -- The C compiler identification is GNU 13.3.0
[0.140s] -- The CXX compiler identification is GNU 13.3.0
[0.165s] -- Detecting C compiler ABI info
[0.261s] -- Detecting C compiler ABI info - done
[0.271s] -- Check for working C compiler: /usr/bin/cc - skipped
[0.271s] -- Detecting C compile features
[0.272s] -- Detecting C compile features - done
[0.282s] -- Detecting CXX compiler ABI info
[0.385s] -- Detecting CXX compiler ABI info - done
[0.396s] -- Check for working CXX compiler: /usr/bin/c++ - skipped
[0.396s] -- Detecting CXX compile features
[0.396s] -- Detecting CXX compile features - done
[0.401s] -- Found ament_cmake: 2.5.6 (/opt/ros/jazzy/share/ament_cmake/cmake)
[0.960s] -- Found Python3: /home/arrgusr/.pyenv/shims/python3 (found version "3.12.3") found components: Interpreter 
[1.308s] -- Configuring done (1.3s)
[1.311s] -- Generating done (0.0s)
[1.314s] -- Build files have been written to: /home/arrgusr/ROS2Dev/ws_sem26_2/build/scara_description
[1.322s] Invoked command in '/home/arrgusr/ROS2Dev/ws_sem26_2/build/scara_description' returned '0': CMAKE_PREFIX_PATH=${CMAKE_PREFIX_PATH}:/opt/ros/jazzy DEBUGINFOD_URLS=https://debuginfod.ubuntu.com /usr/bin/cmake /home/arrgusr/ROS2Dev/ws_sem26_2/scara_description -DCMAKE_INSTALL_PREFIX=/home/arrgusr/ROS2Dev/ws_sem26_2/install/scara_description
[1.322s] Invoking command in '/home/arrgusr/ROS2Dev/ws_sem26_2/build/scara_description': CMAKE_PREFIX_PATH=${CMAKE_PREFIX_PATH}:/opt/ros/jazzy DEBUGINFOD_URLS=https://debuginfod.ubuntu.com /usr/bin/cmake --build /home/arrgusr/ROS2Dev/ws_sem26_2/build/scara_description -- -j2 -l2
[1.364s] Invoked command in '/home/arrgusr/ROS2Dev/ws_sem26_2/build/scara_description' returned '0': CMAKE_PREFIX_PATH=${CMAKE_PREFIX_PATH}:/opt/ros/jazzy DEBUGINFOD_URLS=https://debuginfod.ubuntu.com /usr/bin/cmake --build /home/arrgusr/ROS2Dev/ws_sem26_2/build/scara_description -- -j2 -l2
[1.365s] Invoking command in '/home/arrgusr/ROS2Dev/ws_sem26_2/build/scara_description': CMAKE_PREFIX_PATH=${CMAKE_PREFIX_PATH}:/opt/ros/jazzy DEBUGINFOD_URLS=https://debuginfod.ubuntu.com /usr/bin/cmake --install /home/arrgusr/ROS2Dev/ws_sem26_2/build/scara_description
[1.375s] -- Install configuration: ""
[1.376s] -- Installing: /home/arrgusr/ROS2Dev/ws_sem26_2/install/scara_description/share/scara_description//urdf
[1.376s] -- Installing: /home/arrgusr/ROS2Dev/ws_sem26_2/install/scara_description/share/scara_description//urdf/scara_urdf.xacro
[1.376s] -- Installing: /home/arrgusr/ROS2Dev/ws_sem26_2/install/scara_description/share/scara_description//urdf/gz2_scara.xacro
[1.376s] -- Installing: /home/arrgusr/ROS2Dev/ws_sem26_2/install/scara_description/share/scara_description//urdf/camera_sensor.xacro
[1.376s] -- Installing: /home/arrgusr/ROS2Dev/ws_sem26_2/install/scara_description/share/scara_description//urdf/scara.urdf
[1.376s] -- Installing: /home/arrgusr/ROS2Dev/ws_sem26_2/install/scara_description/share/scara_description//urdf/scara_gz2.xacro
[1.377s] -- Installing: /home/arrgusr/ROS2Dev/ws_sem26_2/install/scara_description/share/scara_description//urdf/sonar_sensor.xacro
[1.377s] -- Installing: /home/arrgusr/ROS2Dev/ws_sem26_2/install/scara_description/share/scara_description//urdf/lidar_sensor.xacro
[1.377s] -- Installing: /home/arrgusr/ROS2Dev/ws_sem26_2/install/scara_description/share/scara_description//launch
[1.377s] -- Installing: /home/arrgusr/ROS2Dev/ws_sem26_2/install/scara_description/share/scara_description//launch/scara_display.launch.xml
[1.377s] -- Installing: /home/arrgusr/ROS2Dev/ws_sem26_2/install/scara_description/share/scara_description//rviz
[1.377s] -- Installing: /home/arrgusr/ROS2Dev/ws_sem26_2/install/scara_description/share/scara_description//rviz/scara_rviz.rviz
[1.377s] -- Installing: /home/arrgusr/ROS2Dev/ws_sem26_2/install/scara_description/share/ament_index/resource_index/package_run_dependencies/scara_description
[1.380s] -- Installing: /home/arrgusr/ROS2Dev/ws_sem26_2/install/scara_description/share/ament_index/resource_index/parent_prefix_path/scara_description
[1.380s] -- Installing: /home/arrgusr/ROS2Dev/ws_sem26_2/install/scara_description/share/scara_description/environment/ament_prefix_path.sh
[1.380s] -- Installing: /home/arrgusr/ROS2Dev/ws_sem26_2/install/scara_description/share/scara_description/environment/ament_prefix_path.dsv
[1.380s] -- Installing: /home/arrgusr/ROS2Dev/ws_sem26_2/install/scara_description/share/scara_description/environment/path.sh
[1.380s] -- Installing: /home/arrgusr/ROS2Dev/ws_sem26_2/install/scara_description/share/scara_description/environment/path.dsv
[1.381s] -- Installing: /home/arrgusr/ROS2Dev/ws_sem26_2/install/scara_description/share/scara_description/local_setup.bash
[1.381s] -- Installing: /home/arrgusr/ROS2Dev/ws_sem26_2/install/scara_description/share/scara_description/local_setup.sh
[1.381s] -- Installing: /home/arrgusr/ROS2Dev/ws_sem26_2/install/scara_description/share/scara_description/local_setup.zsh
[1.381s] -- Installing: /home/arrgusr/ROS2Dev/ws_sem26_2/install/scara_description/share/scara_description/local_setup.dsv
[1.381s] -- Installing: /home/arrgusr/ROS2Dev/ws_sem26_2/install/scara_description/share/scara_description/package.dsv
[1.381s] -- Installing: /home/arrgusr/ROS2Dev/ws_sem26_2/install/scara_description/share/ament_index/resource_index/packages/scara_description
[1.381s] -- Installing: /home/arrgusr/ROS2Dev/ws_sem26_2/install/scara_description/share/scara_description/cmake/scara_descriptionConfig.cmake
[1.382s] -- Installing: /home/arrgusr/ROS2Dev/ws_sem26_2/install/scara_description/share/scara_description/cmake/scara_descriptionConfig-version.cmake
[1.382s] -- Installing: /home/arrgusr/ROS2Dev/ws_sem26_2/install/scara_description/share/scara_description/package.xml
[1.383s] Invoked command in '/home/arrgusr/ROS2Dev/ws_sem26_2/build/scara_description' returned '0': CMAKE_PREFIX_PATH=${CMAKE_PREFIX_PATH}:/opt/ros/jazzy DEBUGINFOD_URLS=https://debuginfod.ubuntu.com /usr/bin/cmake --install /home/arrgusr/ROS2Dev/ws_sem26_2/build/scara_description
