/home/arrgusr/ROS2Dev/ws_sem26_2/install/p0_py/lib/python3.12/site-packages/p0_py/__init__.py
/home/arrgusr/ROS2Dev/ws_sem26_2/install/p0_py/lib/python3.12/site-packages/p0_py/subscriber_node.py
/home/arrgusr/ROS2Dev/ws_sem26_2/install/p0_py/lib/python3.12/site-packages/p0_py/q_plan.py
/home/arrgusr/ROS2Dev/ws_sem26_2/install/p0_py/lib/python3.12/site-packages/p0_py/scara_control.py
/home/arrgusr/ROS2Dev/ws_sem26_2/install/p0_py/lib/python3.12/site-packages/p0_py/primer_nodo.py
/home/arrgusr/ROS2Dev/ws_sem26_2/install/p0_py/lib/python3.12/site-packages/p0_py/__pycache__/__init__.cpython-312.pyc
/home/arrgusr/ROS2Dev/ws_sem26_2/install/p0_py/lib/python3.12/site-packages/p0_py/__pycache__/subscriber_node.cpython-312.pyc
/home/arrgusr/ROS2Dev/ws_sem26_2/install/p0_py/lib/python3.12/site-packages/p0_py/__pycache__/q_plan.cpython-312.pyc
/home/arrgusr/ROS2Dev/ws_sem26_2/install/p0_py/lib/python3.12/site-packages/p0_py/__pycache__/scara_control.cpython-312.pyc
/home/arrgusr/ROS2Dev/ws_sem26_2/install/p0_py/lib/python3.12/site-packages/p0_py/__pycache__/primer_nodo.cpython-312.pyc
/home/arrgusr/ROS2Dev/ws_sem26_2/install/p0_py/share/ament_index/resource_index/packages/p0_py
/home/arrgusr/ROS2Dev/ws_sem26_2/install/p0_py/share/p0_py/package.xml
/home/arrgusr/ROS2Dev/ws_sem26_2/install/p0_py/lib/python3.12/site-packages/p0_py-0.0.0-py3.12.egg-info/PKG-INFO
/home/arrgusr/ROS2Dev/ws_sem26_2/install/p0_py/lib/python3.12/site-packages/p0_py-0.0.0-py3.12.egg-info/requires.txt
/home/arrgusr/ROS2Dev/ws_sem26_2/install/p0_py/lib/python3.12/site-packages/p0_py-0.0.0-py3.12.egg-info/SOURCES.txt
/home/arrgusr/ROS2Dev/ws_sem26_2/install/p0_py/lib/python3.12/site-packages/p0_py-0.0.0-py3.12.egg-info/top_level.txt
/home/arrgusr/ROS2Dev/ws_sem26_2/install/p0_py/lib/python3.12/site-packages/p0_py-0.0.0-py3.12.egg-info/zip-safe
/home/arrgusr/ROS2Dev/ws_sem26_2/install/p0_py/lib/python3.12/site-packages/p0_py-0.0.0-py3.12.egg-info/entry_points.txt
/home/arrgusr/ROS2Dev/ws_sem26_2/install/p0_py/lib/python3.12/site-packages/p0_py-0.0.0-py3.12.egg-info/dependency_links.txt
/home/arrgusr/ROS2Dev/ws_sem26_2/install/p0_py/lib/p0_py/primer_node_py
/home/arrgusr/ROS2Dev/ws_sem26_2/install/p0_py/lib/p0_py/q_plan
/home/arrgusr/ROS2Dev/ws_sem26_2/install/p0_py/lib/p0_py/scara_control
/home/arrgusr/ROS2Dev/ws_sem26_2/install/p0_py/lib/p0_py/subscriber_node_py
