[1.356s] Invoking command in '/home/arrgusr/ROS2Dev/ws_sem26_2/p0_py': DEBUGINFOD_URLS=https://debuginfod.ubuntu.com PYTHONPATH=/home/arrgusr/ROS2Dev/ws_sem26_2/build/p0_py/prefix_override:/usr/lib/python3/dist-packages/colcon_core/task/python/colcon_distutils_commands:/home/arrgusr/ROS2Dev/ws_sem26_2/install/p0_py/lib/python3.12/site-packages:${PYTHONPATH} /usr/bin/python3 -W ignore:setup.py install is deprecated -W ignore:easy_install command is deprecated setup.py egg_info --egg-base ../build/p0_py build --build-base /home/arrgusr/ROS2Dev/ws_sem26_2/build/p0_py/build install --record /home/arrgusr/ROS2Dev/ws_sem26_2/build/p0_py/install.log --single-version-externally-managed install_data
[1.618s] running egg_info
[1.622s] creating ../build/p0_py/p0_py.egg-info
[1.638s] writing ../build/p0_py/p0_py.egg-info/PKG-INFO
[1.639s] writing dependency_links to ../build/p0_py/p0_py.egg-info/dependency_links.txt
[1.639s] writing entry points to ../build/p0_py/p0_py.egg-info/entry_points.txt
[1.639s] writing requirements to ../build/p0_py/p0_py.egg-info/requires.txt
[1.639s] writing top-level names to ../build/p0_py/p0_py.egg-info/top_level.txt
[1.639s] writing manifest file '../build/p0_py/p0_py.egg-info/SOURCES.txt'
[1.683s] reading manifest file '../build/p0_py/p0_py.egg-info/SOURCES.txt'
[1.683s] adding license file 'LICENSE'
[1.684s] writing manifest file '../build/p0_py/p0_py.egg-info/SOURCES.txt'
[1.684s] running build
[1.684s] running build_py
[1.684s] creating /home/arrgusr/ROS2Dev/ws_sem26_2/build/p0_py/build
[1.684s] creating /home/arrgusr/ROS2Dev/ws_sem26_2/build/p0_py/build/lib
[1.685s] creating /home/arrgusr/ROS2Dev/ws_sem26_2/build/p0_py/build/lib/p0_py
[1.685s] copying p0_py/__init__.py -> /home/arrgusr/ROS2Dev/ws_sem26_2/build/p0_py/build/lib/p0_py
[1.685s] copying p0_py/subscriber_node.py -> /home/arrgusr/ROS2Dev/ws_sem26_2/build/p0_py/build/lib/p0_py
[1.685s] copying p0_py/q_plan.py -> /home/arrgusr/ROS2Dev/ws_sem26_2/build/p0_py/build/lib/p0_py
[1.685s] copying p0_py/scara_control.py -> /home/arrgusr/ROS2Dev/ws_sem26_2/build/p0_py/build/lib/p0_py
[1.685s] copying p0_py/primer_nodo.py -> /home/arrgusr/ROS2Dev/ws_sem26_2/build/p0_py/build/lib/p0_py
[1.685s] running install
[1.692s] running install_lib
[1.712s] creating /home/arrgusr/ROS2Dev/ws_sem26_2/install/p0_py/lib/python3.12/site-packages/p0_py
[1.712s] copying /home/arrgusr/ROS2Dev/ws_sem26_2/build/p0_py/build/lib/p0_py/__init__.py -> /home/arrgusr/ROS2Dev/ws_sem26_2/install/p0_py/lib/python3.12/site-packages/p0_py
[1.712s] copying /home/arrgusr/ROS2Dev/ws_sem26_2/build/p0_py/build/lib/p0_py/subscriber_node.py -> /home/arrgusr/ROS2Dev/ws_sem26_2/install/p0_py/lib/python3.12/site-packages/p0_py
[1.712s] copying /home/arrgusr/ROS2Dev/ws_sem26_2/build/p0_py/build/lib/p0_py/q_plan.py -> /home/arrgusr/ROS2Dev/ws_sem26_2/install/p0_py/lib/python3.12/site-packages/p0_py
[1.712s] copying /home/arrgusr/ROS2Dev/ws_sem26_2/build/p0_py/build/lib/p0_py/scara_control.py -> /home/arrgusr/ROS2Dev/ws_sem26_2/install/p0_py/lib/python3.12/site-packages/p0_py
[1.712s] copying /home/arrgusr/ROS2Dev/ws_sem26_2/build/p0_py/build/lib/p0_py/primer_nodo.py -> /home/arrgusr/ROS2Dev/ws_sem26_2/install/p0_py/lib/python3.12/site-packages/p0_py
[1.713s] byte-compiling /home/arrgusr/ROS2Dev/ws_sem26_2/install/p0_py/lib/python3.12/site-packages/p0_py/__init__.py to __init__.cpython-312.pyc
[1.713s] byte-compiling /home/arrgusr/ROS2Dev/ws_sem26_2/install/p0_py/lib/python3.12/site-packages/p0_py/subscriber_node.py to subscriber_node.cpython-312.pyc
[1.713s] byte-compiling /home/arrgusr/ROS2Dev/ws_sem26_2/install/p0_py/lib/python3.12/site-packages/p0_py/q_plan.py to q_plan.cpython-312.pyc
[1.715s] byte-compiling /home/arrgusr/ROS2Dev/ws_sem26_2/install/p0_py/lib/python3.12/site-packages/p0_py/scara_control.py to scara_control.cpython-312.pyc
[1.716s]   File "/home/arrgusr/ROS2Dev/ws_sem26_2/install/p0_py/lib/python3.12/site-packages/p0_py/scara_control.py", line 92
[1.716s]     theta_3_in = theta_in -
[1.716s]                            ^
[1.716s] SyntaxError: invalid syntax
[1.716s] 
[1.716s] byte-compiling /home/arrgusr/ROS2Dev/ws_sem26_2/install/p0_py/lib/python3.12/site-packages/p0_py/primer_nodo.py to primer_nodo.cpython-312.pyc
[1.717s] running install_data
[1.717s] creating /home/arrgusr/ROS2Dev/ws_sem26_2/install/p0_py/share/ament_index
[1.717s] creating /home/arrgusr/ROS2Dev/ws_sem26_2/install/p0_py/share/ament_index/resource_index
[1.717s] creating /home/arrgusr/ROS2Dev/ws_sem26_2/install/p0_py/share/ament_index/resource_index/packages
[1.717s] copying resource/p0_py -> /home/arrgusr/ROS2Dev/ws_sem26_2/install/p0_py/share/ament_index/resource_index/packages
[1.717s] copying package.xml -> /home/arrgusr/ROS2Dev/ws_sem26_2/install/p0_py/share/p0_py
[1.717s] running install_egg_info
[1.738s] Copying ../build/p0_py/p0_py.egg-info to /home/arrgusr/ROS2Dev/ws_sem26_2/install/p0_py/lib/python3.12/site-packages/p0_py-0.0.0-py3.12.egg-info
[1.739s] running install_scripts
[1.865s] Installing primer_node_py script to /home/arrgusr/ROS2Dev/ws_sem26_2/install/p0_py/lib/p0_py
[1.865s] Installing q_plan script to /home/arrgusr/ROS2Dev/ws_sem26_2/install/p0_py/lib/p0_py
[1.865s] Installing scara_control script to /home/arrgusr/ROS2Dev/ws_sem26_2/install/p0_py/lib/p0_py
[1.865s] Installing subscriber_node_py script to /home/arrgusr/ROS2Dev/ws_sem26_2/install/p0_py/lib/p0_py
[1.865s] writing list of installed files to '/home/arrgusr/ROS2Dev/ws_sem26_2/build/p0_py/install.log'
[1.908s] Invoked command in '/home/arrgusr/ROS2Dev/ws_sem26_2/p0_py' returned '0': DEBUGINFOD_URLS=https://debuginfod.ubuntu.com PYTHONPATH=/home/arrgusr/ROS2Dev/ws_sem26_2/build/p0_py/prefix_override:/usr/lib/python3/dist-packages/colcon_core/task/python/colcon_distutils_commands:/home/arrgusr/ROS2Dev/ws_sem26_2/install/p0_py/lib/python3.12/site-packages:${PYTHONPATH} /usr/bin/python3 -W ignore:setup.py install is deprecated -W ignore:easy_install command is deprecated setup.py egg_info --egg-base ../build/p0_py build --build-base /home/arrgusr/ROS2Dev/ws_sem26_2/build/p0_py/build install --record /home/arrgusr/ROS2Dev/ws_sem26_2/build/p0_py/install.log --single-version-externally-managed install_data
